<?xml version="1.0" encoding="UTF-8"?>
<!-- Generated by org.testng.reporters.JUnitReportReporter -->
<testsuite hostname="Aruna-prgd-wd" failures="0" tests="1" name="premiumUserContentPlayback.TC_Signup" time="42.154" errors="0" timestamp="2025-08-01T16:39:04 IST" skipped="0">
  <testcase classname="premiumUserContentPlayback.TC_Signup" name="createaccount" time="42.154"/>
</testsuite> <!-- premiumUserContentPlayback.TC_Signup -->
