<?xml version="1.0" encoding="UTF-8"?>
<!-- Generated by org.testng.reporters.JUnitReportReporter -->
<testsuite hostname="Aruna-prgd-wd" failures="0" tests="1" name="premiumUserContentPlayback.TC_ContentPlaybackShorts" time="214.841" errors="0" timestamp="2025-08-05T17:29:31 IST" skipped="0">
  <testcase classname="premiumUserContentPlayback.TC_ContentPlaybackShorts" name="contentPlayBackCheckTest" time="214.841"/>
</testsuite> <!-- premiumUserContentPlayback.TC_ContentPlaybackShorts -->
