<?xml version="1.0" encoding="UTF-8"?>
<!-- Generated by org.testng.reporters.JUnitReportReporter -->
<testsuite hostname="Aruna-prgd-wd" failures="0" tests="1" name="Com.sunnxt.TestNGFramework.sunnxtLogin" time="24.924" errors="0" timestamp="2025-05-22T12:16:21 IST" skipped="0">
  <testcase classname="Com.sunnxt.TestNGFramework.sunnxtLogin" name="login" time="24.924"/>
</testsuite> <!-- Com.sunnxt.TestNGFramework.sunnxtLogin -->
