<?xml version="1.0" encoding="UTF-8"?>
<!-- Generated by org.testng.reporters.JUnitReportReporter -->
<testsuite hostname="Aruna-prgd-wd" failures="0" tests="2" name="premiumUserContentPlayback.TC_Login" time="83.879" errors="0" timestamp="2025-08-07T11:45:04 IST" skipped="1">
  <testcase classname="premiumUserContentPlayback.TC_Login" name="loginTest" time="83.879"/>
  <testcase classname="premiumUserContentPlayback.TC_Login" name="loginTestWithMultipleUser">
    <skipped/>
  </testcase> <!-- loginTestWithMultipleUser -->
</testsuite> <!-- premiumUserContentPlayback.TC_Login -->
