<?xml version="1.0" encoding="UTF-8"?>
<!-- Generated by org.testng.reporters.JUnitReportReporter -->
<testsuite hostname="Aruna-prgd-wd" failures="0" tests="1" name="premiumUserContentPlayback.TC_ContentPlaybackLiveTV" time="98.199" errors="0" timestamp="2025-08-06T17:18:01 IST" skipped="0">
  <testcase classname="premiumUserContentPlayback.TC_ContentPlaybackLiveTV" name="contentplaybackcheck" time="98.199"/>
</testsuite> <!-- premiumUserContentPlayback.TC_ContentPlaybackLiveTV -->
