<?xml version="1.0" encoding="UTF-8"?>
<!-- Generated by org.testng.reporters.JUnitReportReporter -->
<testsuite hostname="Aruna-prgd-wd" failures="0" tests="1" name="premiumUserContentPlayback.TC_ContentPlaybackMovie" time="175.155" errors="0" timestamp="2025-08-05T09:59:01 IST" skipped="0">
  <testcase classname="premiumUserContentPlayback.TC_ContentPlaybackMovie" name="contentPlayBackCheckTest" time="175.155"/>
</testsuite> <!-- premiumUserContentPlayback.TC_ContentPlaybackMovie -->
