<?xml version="1.0" encoding="UTF-8"?>
<!-- Generated by org.testng.reporters.JUnitReportReporter -->
<testsuite hostname="Aruna-prgd-wd" failures="0" tests="3" name="Com.sunnxt.TestNGFramework.TC_Randomization" time="329.980" errors="0" timestamp="2025-06-10T09:51:13 IST" skipped="0">
  <testcase classname="Com.sunnxt.TestNGFramework.TC_Randomization" name="contentPlayBackCheckTest" time="109.595"/>
  <testcase classname="Com.sunnxt.TestNGFramework.TC_Randomization" name="contentPlayBackCheckTest" time="97.977"/>
  <testcase classname="Com.sunnxt.TestNGFramework.TC_Randomization" name="contentPlayBackCheckTest" time="122.408"/>
</testsuite> <!-- Com.sunnxt.TestNGFramework.TC_Randomization -->
