<?xml version="1.0" encoding="UTF-8"?>
<!-- Generated by org.testng.reporters.JUnitReportReporter -->
<testsuite hostname="Aruna-prgd-wd" failures="0" tests="1" name="premiumUserContentPlayback.TC_ContentPlaybackHome" time="176.348" errors="0" timestamp="2025-08-01T17:27:59 IST" skipped="0">
  <testcase classname="premiumUserContentPlayback.TC_ContentPlaybackHome" name="contentPlayBackCheckTest" time="176.348"/>
</testsuite> <!-- premiumUserContentPlayback.TC_ContentPlaybackHome -->
