<?xml version="1.0" encoding="UTF-8"?>
<!-- Generated by org.testng.reporters.JUnitReportReporter -->
<testsuite hostname="Aruna-prgd-wd" failures="0" tests="1" name="Com.sunnxt.TestNGFramework.TC_ContentPlaybackMovie" time="114.207" errors="0" timestamp="2025-06-12T12:10:52 IST" skipped="0">
  <testcase classname="Com.sunnxt.TestNGFramework.TC_ContentPlaybackMovie" name="contentPlayBackCheckTest" time="114.207"/>
</testsuite> <!-- Com.sunnxt.TestNGFramework.TC_ContentPlaybackMovie -->
