<?xml version="1.0" encoding="UTF-8"?>
<!-- Generated by org.testng.reporters.JUnitReportReporter -->
<testsuite hostname="Aruna-prgd-wd" failures="0" tests="3" name="Com.sunnxt.TestNGFramework.sanityTest" time="84.133" errors="0" timestamp="2025-06-04T16:04:25 IST" skipped="2">
  <testcase classname="Com.sunnxt.TestNGFramework.sanityTest" name="contentPlayBackCheckTest" time="84.133"/>
  <testcase classname="Com.sunnxt.TestNGFramework.sanityTest" name="loginTest">
    <skipped/>
  </testcase> <!-- loginTest -->
  <testcase classname="Com.sunnxt.TestNGFramework.sanityTest" name="createaccount">
    <skipped/>
  </testcase> <!-- createaccount -->
</testsuite> <!-- Com.sunnxt.TestNGFramework.sanityTest -->
