<?xml version="1.0" encoding="UTF-8"?>
<!-- Generated by org.testng.reporters.JUnitReportReporter -->
<testsuite hostname="Aruna-prgd-wd" failures="0" tests="1" name="Com.sunnxt.TestNGFramework.TC_ContentPlaybackTVShows" time="78.419" errors="0" timestamp="2025-06-12T12:30:55 IST" skipped="0">
  <testcase classname="Com.sunnxt.TestNGFramework.TC_ContentPlaybackTVShows" name="contentPlayBackCheckTest" time="78.419"/>
</testsuite> <!-- Com.sunnxt.TestNGFramework.TC_ContentPlaybackTVShows -->
