<?xml version="1.0" encoding="UTF-8"?>
<!-- Generated by org.testng.reporters.JUnitReportReporter -->
<testsuite hostname="Aruna-prgd-wd" failures="0" tests="1" name="Com.sunnxt.TestNGFramework.TC_ContentPlaybackHome" time="194.919" errors="0" timestamp="2025-06-17T17:49:15 IST" skipped="0">
  <testcase classname="Com.sunnxt.TestNGFramework.TC_ContentPlaybackHome" name="contentPlayBackCheckTest" time="194.919"/>
</testsuite> <!-- Com.sunnxt.TestNGFramework.TC_ContentPlaybackHome -->
