<?xml version="1.0" encoding="UTF-8"?>
<!-- Generated by org.testng.reporters.JUnitReportReporter -->
<testsuite hostname="Aruna-prgd-wd" failures="0" tests="1" name="Com.sunnxt.TestNGFramework.TC_ContentPlaybackMusicVideos" time="82.717" errors="0" timestamp="2025-06-12T11:55:31 IST" skipped="0">
  <testcase classname="Com.sunnxt.TestNGFramework.TC_ContentPlaybackMusicVideos" name="contentPlayBackCheckTest" time="82.717"/>
</testsuite> <!-- Com.sunnxt.TestNGFramework.TC_ContentPlaybackMusicVideos -->
