<?xml version="1.0" encoding="UTF-8"?>
<!-- Generated by org.testng.reporters.JUnitReportReporter -->
<testsuite hostname="Aruna-prgd-wd" failures="0" tests="1" name="premiumUserContentPlayback.TC_ContentPlaybackMusicVideos" time="129.135" errors="0" timestamp="2025-08-05T10:01:56 IST" skipped="0">
  <testcase classname="premiumUserContentPlayback.TC_ContentPlaybackMusicVideos" name="contentPlayBackCheckTest" time="129.135"/>
</testsuite> <!-- premiumUserContentPlayback.TC_ContentPlaybackMusicVideos -->
