<?xml version="1.0" encoding="UTF-8"?>
<!-- Generated by org.testng.reporters.JUnitReportReporter -->
<testsuite hostname="Aruna-prgd-wd" failures="0" tests="1" name="premiumUserContentPlayback.TC_ContentPlaybackHome" time="193.800" errors="0" timestamp="2025-08-06T17:18:01 IST" skipped="0">
  <testcase classname="premiumUserContentPlayback.TC_ContentPlaybackHome" name="contentPlayBackCheckTest" time="193.800"/>
</testsuite> <!-- premiumUserContentPlayback.TC_ContentPlaybackHome -->
