<?xml version="1.0" encoding="UTF-8"?>
<!-- Generated by org.testng.reporters.JUnitReportReporter -->
<testsuite hostname="Aruna-prgd-wd" failures="0" tests="2" name="premiumUserContentPlayback.TC_Login" time="69.017" errors="0" timestamp="2025-08-01T16:34:14 IST" skipped="1">
  <testcase classname="premiumUserContentPlayback.TC_Login" name="differntLogin" time="69.017"/>
  <testcase classname="premiumUserContentPlayback.TC_Login" name="loginTest">
    <skipped/>
  </testcase> <!-- loginTest -->
</testsuite> <!-- premiumUserContentPlayback.TC_Login -->
