<?xml version="1.0" encoding="UTF-8"?>
<!-- Generated by org.testng.reporters.JUnitReportReporter -->
<testsuite hostname="Aruna-prgd-wd" failures="0" tests="1" name="premiumUserContentPlayback.TC_ContentPlaybackLiveTV" time="86.905" errors="0" timestamp="2025-08-05T09:53:01 IST" skipped="0">
  <testcase classname="premiumUserContentPlayback.TC_ContentPlaybackLiveTV" name="contentplaybackcheck" time="86.905"/>
</testsuite> <!-- premiumUserContentPlayback.TC_ContentPlaybackLiveTV -->
