<?xml version="1.0" encoding="UTF-8"?>
<!-- Generated by org.testng.reporters.JUnitReportReporter -->
<testsuite hostname="Aruna-prgd-wd" failures="0" tests="1" name="Com.sunnxt.TestNGFramework.TC_ContentPlaybackLiveTV" time="98.407" errors="0" timestamp="2025-06-17T17:54:01 IST" skipped="0">
  <testcase classname="Com.sunnxt.TestNGFramework.TC_ContentPlaybackLiveTV" name="contentplaybackcheck" time="98.407"/>
</testsuite> <!-- Com.sunnxt.TestNGFramework.TC_ContentPlaybackLiveTV -->
